Added Component: Designator=BD1(DIO-BG-SMD_4P-L4.7-W4.0-P2.50-LS7.0-TL)
Add component. Clean all parameters for all variants
Added Component: Designator=C1(CAP-SMD_BD10.0-L10.3-W10.3-LS11.3-FD)
Add component. Clean all parameters for all variants
Added Component: Designator=D1(SMBJ50CA)
Add component. Clean all parameters for all variants
Added Component: Designator=D2(SMBJ50CA)
Add component. Clean all parameters for all variants
Added Component: Designator=D3(BURMG57W)
Add component. Clean all parameters for all variants
Added Component: Designator=D4(SOD-123-2)
Add component. Clean all parameters for all variants
Added Component: Designator=J1(BORNE3)
Add component. Clean all parameters for all variants
Added Component: Designator=J2(BORNE3)
Add component. Clean all parameters for all variants
Added Component: Designator=JP1(HEADER1X2)
Add component. Clean all parameters for all variants
Add component (AddParameter): Name = "Code"; Value = "554 / 515"; VariantName = "[No Variations]"
Add component (AddParameter): Name = "Descrição"; Value = "BARRA PINOS 2 PINOS 180 P-2.5MM / CAPA MINI JUMPER MKBL 020B"; VariantName = "[No Variations]"
Added Component: Designator=Q1(SOT-23)
Add component. Clean all parameters for all variants
Added Component: Designator=Q2(SOT-23)
Add component. Clean all parameters for all variants
Added Component: Designator=Q3(SOT-23)
Add component. Clean all parameters for all variants
Added Component: Designator=R1(1210-RES)
Add component. Clean all parameters for all variants
Added Component: Designator=R2(1210-RES)
Add component. Clean all parameters for all variants
Added Component: Designator=R3(1210-RES)
Add component. Clean all parameters for all variants
Added Component: Designator=R4(1210-RES)
Add component. Clean all parameters for all variants
Added Component: Designator=R5(0603-RES)
Add component. Clean all parameters for all variants
Added Component: Designator=R6(0603-RES)
Add component. Clean all parameters for all variants
Added Component: Designator=R7(0603-RES)
Add component. Clean all parameters for all variants
Added Component: Designator=R8(1206-RES)
Add component. Clean all parameters for all variants
Added Component: Designator=S1(D2F-L3-A)
Add component. Clean all parameters for all variants
Added Component: Designator=S2(D2F-L3)
Add component. Clean all parameters for all variants
Added Pin To Net: NetName=EARTH Pin=D1-2
Added Pin To Net: NetName=EARTH Pin=D2-2
Added Pin To Net: NetName=EARTH Pin=J1-3
Added Pin To Net: NetName=EARTH Pin=J2-3
Added Net: Name=EARTH
Added Pin To Net: NetName=GND Pin=BD1-2
Added Pin To Net: NetName=GND Pin=C1-2
Added Pin To Net: NetName=GND Pin=Q1-2
Added Pin To Net: NetName=GND Pin=Q3-2
Added Pin To Net: NetName=GND Pin=R7-1
Added Pin To Net: NetName=GND Pin=S1-2
Added Net: Name=GND
Added Pin To Net: NetName=NetBD1_1 Pin=BD1-1
Added Pin To Net: NetName=NetBD1_1 Pin=D3-1
Added Pin To Net: NetName=NetBD1_1 Pin=R2-1
Added Net: Name=NetBD1_1
Added Pin To Net: NetName=NetBD1_3 Pin=BD1-3
Added Pin To Net: NetName=NetBD1_3 Pin=S2-2
Added Net: Name=NetBD1_3
Added Pin To Net: NetName=NetBD1_4 Pin=BD1-4
Added Pin To Net: NetName=NetBD1_4 Pin=D2-1
Added Pin To Net: NetName=NetBD1_4 Pin=J1-2
Added Pin To Net: NetName=NetBD1_4 Pin=J2-2
Added Pin To Net: NetName=NetBD1_4 Pin=JP1-2
Added Net: Name=NetBD1_4
Added Pin To Net: NetName=NetC1_1 Pin=C1-1
Added Pin To Net: NetName=NetC1_1 Pin=D3-3
Added Pin To Net: NetName=NetC1_1 Pin=D4-1
Added Pin To Net: NetName=NetC1_1 Pin=R3-2
Added Pin To Net: NetName=NetC1_1 Pin=R5-1
Added Net: Name=NetC1_1
Added Pin To Net: NetName=NetD1_1 Pin=D1-1
Added Pin To Net: NetName=NetD1_1 Pin=J1-1
Added Pin To Net: NetName=NetD1_1 Pin=J2-1
Added Pin To Net: NetName=NetD1_1 Pin=R8-2
Added Pin To Net: NetName=NetD1_1 Pin=S2-1
Added Net: Name=NetD1_1
Added Pin To Net: NetName=NetD3_2 Pin=D3-2
Added Pin To Net: NetName=NetD3_2 Pin=R1-1
Added Pin To Net: NetName=NetD3_2 Pin=R2-2
Added Pin To Net: NetName=NetD3_2 Pin=R3-1
Added Net: Name=NetD3_2
Added Pin To Net: NetName=NetD3_4 Pin=D3-4
Added Pin To Net: NetName=NetD3_4 Pin=R4-1
Added Net: Name=NetD3_4
Added Pin To Net: NetName=NetD4_2 Pin=D4-2
Added Pin To Net: NetName=NetD4_2 Pin=R6-1
Added Net: Name=NetD4_2
Added Pin To Net: NetName=NetJP1_1 Pin=JP1-1
Added Pin To Net: NetName=NetJP1_1 Pin=R8-1
Added Net: Name=NetJP1_1
Added Pin To Net: NetName=NetQ1_1 Pin=Q1-1
Added Pin To Net: NetName=NetQ1_1 Pin=Q2-2
Added Pin To Net: NetName=NetQ1_1 Pin=R6-2
Added Pin To Net: NetName=NetQ1_1 Pin=R7-2
Added Net: Name=NetQ1_1
Added Pin To Net: NetName=NetQ1_3 Pin=Q1-3
Added Pin To Net: NetName=NetQ1_3 Pin=Q2-1
Added Pin To Net: NetName=NetQ1_3 Pin=R5-2
Added Net: Name=NetQ1_3
Added Pin To Net: NetName=NetQ2_3 Pin=Q2-3
Added Pin To Net: NetName=NetQ2_3 Pin=Q3-1
Added Net: Name=NetQ2_3
Added Pin To Net: NetName=NetQ3_3 Pin=Q3-3
Added Pin To Net: NetName=NetQ3_3 Pin=R4-2
Added Net: Name=NetQ3_3
Added Pin To Net: NetName=NetR1_2 Pin=R1-2
Added Pin To Net: NetName=NetR1_2 Pin=S1-1
Added Net: Name=NetR1_2
Added Class: Name=acionadorIncendio
Added Room: Name=acionadorIncendio
